Copyright 1986-2018 Xilinx, Inc. All Rights Reserved.
--------------------------------------------------------------------------------------------------------------------------------------------------------------
| Tool Version : Vivado v.2018.1 (win64) Build 2188600 Wed Apr  4 18:40:38 MDT 2018
| Date         : Sat Feb  4 19:30:29 2023
| Host         : FURIOUS-ROCKETSHIP running 64-bit major release  (build 9200)
| Command      : report_methodology -file toplevel_methodology_drc_routed.rpt -pb toplevel_methodology_drc_routed.pb -rpx toplevel_methodology_drc_routed.rpx
| Design       : toplevel
| Device       : xc7z020clg484-1
| Speed File   : -1
| Design State : Routed
--------------------------------------------------------------------------------------------------------------------------------------------------------------

Report Methodology

Table of Contents
-----------------
1. REPORT SUMMARY
2. REPORT DETAILS

1. REPORT SUMMARY
-----------------
            Netlist: netlist
          Floorplan: design_1
      Design limits: <entire design considered>
             Max violations: <unlimited>
             Violations found: 499
+-----------+----------+-----------------------------+------------+
| Rule      | Severity | Description                 | Violations |
+-----------+----------+-----------------------------+------------+
| TIMING-17 | Warning  | Non-clocked sequential cell | 499        |
+-----------+----------+-----------------------------+------------+

2. REPORT DETAILS
-----------------
TIMING-17#1 Warning
Non-clocked sequential cell  
The clock pin led_err_reg[0]/C is not reached by a timing clock
Related violations: <none>

TIMING-17#2 Warning
Non-clocked sequential cell  
The clock pin led_err_reg[1]/C is not reached by a timing clock
Related violations: <none>

TIMING-17#3 Warning
Non-clocked sequential cell  
The clock pin processor/IO_strobes/read_strobe_reg/C is not reached by a timing clock
Related violations: <none>

TIMING-17#4 Warning
Non-clocked sequential cell  
The clock pin processor/IO_strobes/write_strobe_reg/C is not reached by a timing clock
Related violations: <none>

TIMING-17#5 Warning
Non-clocked sequential cell  
The clock pin processor/arithmetic_group/add_sub_module/bus_width_loop[0].Y_reg[0]/C is not reached by a timing clock
Related violations: <none>

TIMING-17#6 Warning
Non-clocked sequential cell  
The clock pin processor/arithmetic_group/add_sub_module/bus_width_loop[10].Y_reg[10]/C is not reached by a timing clock
Related violations: <none>

TIMING-17#7 Warning
Non-clocked sequential cell  
The clock pin processor/arithmetic_group/add_sub_module/bus_width_loop[11].Y_reg[11]/C is not reached by a timing clock
Related violations: <none>

TIMING-17#8 Warning
Non-clocked sequential cell  
The clock pin processor/arithmetic_group/add_sub_module/bus_width_loop[12].Y_reg[12]/C is not reached by a timing clock
Related violations: <none>

TIMING-17#9 Warning
Non-clocked sequential cell  
The clock pin processor/arithmetic_group/add_sub_module/bus_width_loop[13].Y_reg[13]/C is not reached by a timing clock
Related violations: <none>

TIMING-17#10 Warning
Non-clocked sequential cell  
The clock pin processor/arithmetic_group/add_sub_module/bus_width_loop[14].Y_reg[14]/C is not reached by a timing clock
Related violations: <none>

TIMING-17#11 Warning
Non-clocked sequential cell  
The clock pin processor/arithmetic_group/add_sub_module/bus_width_loop[15].Y_reg[15]/C is not reached by a timing clock
Related violations: <none>

TIMING-17#12 Warning
Non-clocked sequential cell  
The clock pin processor/arithmetic_group/add_sub_module/bus_width_loop[16].Y_reg[16]/C is not reached by a timing clock
Related violations: <none>

TIMING-17#13 Warning
Non-clocked sequential cell  
The clock pin processor/arithmetic_group/add_sub_module/bus_width_loop[17].Y_reg[17]/C is not reached by a timing clock
Related violations: <none>

TIMING-17#14 Warning
Non-clocked sequential cell  
The clock pin processor/arithmetic_group/add_sub_module/bus_width_loop[18].Y_reg[18]/C is not reached by a timing clock
Related violations: <none>

TIMING-17#15 Warning
Non-clocked sequential cell  
The clock pin processor/arithmetic_group/add_sub_module/bus_width_loop[19].Y_reg[19]/C is not reached by a timing clock
Related violations: <none>

TIMING-17#16 Warning
Non-clocked sequential cell  
The clock pin processor/arithmetic_group/add_sub_module/bus_width_loop[1].Y_reg[1]/C is not reached by a timing clock
Related violations: <none>

TIMING-17#17 Warning
Non-clocked sequential cell  
The clock pin processor/arithmetic_group/add_sub_module/bus_width_loop[20].Y_reg[20]/C is not reached by a timing clock
Related violations: <none>

TIMING-17#18 Warning
Non-clocked sequential cell  
The clock pin processor/arithmetic_group/add_sub_module/bus_width_loop[21].Y_reg[21]/C is not reached by a timing clock
Related violations: <none>

TIMING-17#19 Warning
Non-clocked sequential cell  
The clock pin processor/arithmetic_group/add_sub_module/bus_width_loop[22].Y_reg[22]/C is not reached by a timing clock
Related violations: <none>

TIMING-17#20 Warning
Non-clocked sequential cell  
The clock pin processor/arithmetic_group/add_sub_module/bus_width_loop[23].Y_reg[23]/C is not reached by a timing clock
Related violations: <none>

TIMING-17#21 Warning
Non-clocked sequential cell  
The clock pin processor/arithmetic_group/add_sub_module/bus_width_loop[24].Y_reg[24]/C is not reached by a timing clock
Related violations: <none>

TIMING-17#22 Warning
Non-clocked sequential cell  
The clock pin processor/arithmetic_group/add_sub_module/bus_width_loop[25].Y_reg[25]/C is not reached by a timing clock
Related violations: <none>

TIMING-17#23 Warning
Non-clocked sequential cell  
The clock pin processor/arithmetic_group/add_sub_module/bus_width_loop[26].Y_reg[26]/C is not reached by a timing clock
Related violations: <none>

TIMING-17#24 Warning
Non-clocked sequential cell  
The clock pin processor/arithmetic_group/add_sub_module/bus_width_loop[27].Y_reg[27]/C is not reached by a timing clock
Related violations: <none>

TIMING-17#25 Warning
Non-clocked sequential cell  
The clock pin processor/arithmetic_group/add_sub_module/bus_width_loop[28].Y_reg[28]/C is not reached by a timing clock
Related violations: <none>

TIMING-17#26 Warning
Non-clocked sequential cell  
The clock pin processor/arithmetic_group/add_sub_module/bus_width_loop[29].Y_reg[29]/C is not reached by a timing clock
Related violations: <none>

TIMING-17#27 Warning
Non-clocked sequential cell  
The clock pin processor/arithmetic_group/add_sub_module/bus_width_loop[2].Y_reg[2]/C is not reached by a timing clock
Related violations: <none>

TIMING-17#28 Warning
Non-clocked sequential cell  
The clock pin processor/arithmetic_group/add_sub_module/bus_width_loop[30].Y_reg[30]/C is not reached by a timing clock
Related violations: <none>

TIMING-17#29 Warning
Non-clocked sequential cell  
The clock pin processor/arithmetic_group/add_sub_module/bus_width_loop[31].Y_reg[31]/C is not reached by a timing clock
Related violations: <none>

TIMING-17#30 Warning
Non-clocked sequential cell  
The clock pin processor/arithmetic_group/add_sub_module/bus_width_loop[3].Y_reg[3]/C is not reached by a timing clock
Related violations: <none>

TIMING-17#31 Warning
Non-clocked sequential cell  
The clock pin processor/arithmetic_group/add_sub_module/bus_width_loop[4].Y_reg[4]/C is not reached by a timing clock
Related violations: <none>

TIMING-17#32 Warning
Non-clocked sequential cell  
The clock pin processor/arithmetic_group/add_sub_module/bus_width_loop[5].Y_reg[5]/C is not reached by a timing clock
Related violations: <none>

TIMING-17#33 Warning
Non-clocked sequential cell  
The clock pin processor/arithmetic_group/add_sub_module/bus_width_loop[6].Y_reg[6]/C is not reached by a timing clock
Related violations: <none>

TIMING-17#34 Warning
Non-clocked sequential cell  
The clock pin processor/arithmetic_group/add_sub_module/bus_width_loop[7].Y_reg[7]/C is not reached by a timing clock
Related violations: <none>

TIMING-17#35 Warning
Non-clocked sequential cell  
The clock pin processor/arithmetic_group/add_sub_module/bus_width_loop[8].Y_reg[8]/C is not reached by a timing clock
Related violations: <none>

TIMING-17#36 Warning
Non-clocked sequential cell  
The clock pin processor/arithmetic_group/add_sub_module/bus_width_loop[9].Y_reg[9]/C is not reached by a timing clock
Related violations: <none>

TIMING-17#37 Warning
Non-clocked sequential cell  
The clock pin processor/arithmetic_group/carry_out_reg/C is not reached by a timing clock
Related violations: <none>

TIMING-17#38 Warning
Non-clocked sequential cell  
The clock pin processor/basic_control/internal_T_state_reg/C is not reached by a timing clock
Related violations: <none>

TIMING-17#39 Warning
Non-clocked sequential cell  
The clock pin processor/basic_control/reset_delay1_reg/C is not reached by a timing clock
Related violations: <none>

TIMING-17#40 Warning
Non-clocked sequential cell  
The clock pin processor/basic_control/reset_delay2_reg/C is not reached by a timing clock
Related violations: <none>

TIMING-17#41 Warning
Non-clocked sequential cell  
The clock pin processor/carry_logic/carry_flag_reg/C is not reached by a timing clock
Related violations: <none>

TIMING-17#42 Warning
Non-clocked sequential cell  
The clock pin processor/data_registers/RB_reg_0_31_0_0/DP/CLK is not reached by a timing clock
Related violations: <none>

TIMING-17#43 Warning
Non-clocked sequential cell  
The clock pin processor/data_registers/RB_reg_0_31_0_0/SP/CLK is not reached by a timing clock
Related violations: <none>

TIMING-17#44 Warning
Non-clocked sequential cell  
The clock pin processor/data_registers/RB_reg_0_31_10_10/DP/CLK is not reached by a timing clock
Related violations: <none>

TIMING-17#45 Warning
Non-clocked sequential cell  
The clock pin processor/data_registers/RB_reg_0_31_10_10/SP/CLK is not reached by a timing clock
Related violations: <none>

TIMING-17#46 Warning
Non-clocked sequential cell  
The clock pin processor/data_registers/RB_reg_0_31_11_11/DP/CLK is not reached by a timing clock
Related violations: <none>

TIMING-17#47 Warning
Non-clocked sequential cell  
The clock pin processor/data_registers/RB_reg_0_31_11_11/SP/CLK is not reached by a timing clock
Related violations: <none>

TIMING-17#48 Warning
Non-clocked sequential cell  
The clock pin processor/data_registers/RB_reg_0_31_12_12/DP/CLK is not reached by a timing clock
Related violations: <none>

TIMING-17#49 Warning
Non-clocked sequential cell  
The clock pin processor/data_registers/RB_reg_0_31_12_12/SP/CLK is not reached by a timing clock
Related violations: <none>

TIMING-17#50 Warning
Non-clocked sequential cell  
The clock pin processor/data_registers/RB_reg_0_31_13_13/DP/CLK is not reached by a timing clock
Related violations: <none>

TIMING-17#51 Warning
Non-clocked sequential cell  
The clock pin processor/data_registers/RB_reg_0_31_13_13/SP/CLK is not reached by a timing clock
Related violations: <none>

TIMING-17#52 Warning
Non-clocked sequential cell  
The clock pin processor/data_registers/RB_reg_0_31_14_14/DP/CLK is not reached by a timing clock
Related violations: <none>

TIMING-17#53 Warning
Non-clocked sequential cell  
The clock pin processor/data_registers/RB_reg_0_31_14_14/SP/CLK is not reached by a timing clock
Related violations: <none>

TIMING-17#54 Warning
Non-clocked sequential cell  
The clock pin processor/data_registers/RB_reg_0_31_15_15/DP/CLK is not reached by a timing clock
Related violations: <none>

TIMING-17#55 Warning
Non-clocked sequential cell  
The clock pin processor/data_registers/RB_reg_0_31_15_15/SP/CLK is not reached by a timing clock
Related violations: <none>

TIMING-17#56 Warning
Non-clocked sequential cell  
The clock pin processor/data_registers/RB_reg_0_31_16_16/DP/CLK is not reached by a timing clock
Related violations: <none>

TIMING-17#57 Warning
Non-clocked sequential cell  
The clock pin processor/data_registers/RB_reg_0_31_16_16/SP/CLK is not reached by a timing clock
Related violations: <none>

TIMING-17#58 Warning
Non-clocked sequential cell  
The clock pin processor/data_registers/RB_reg_0_31_17_17/DP/CLK is not reached by a timing clock
Related violations: <none>

TIMING-17#59 Warning
Non-clocked sequential cell  
The clock pin processor/data_registers/RB_reg_0_31_17_17/SP/CLK is not reached by a timing clock
Related violations: <none>

TIMING-17#60 Warning
Non-clocked sequential cell  
The clock pin processor/data_registers/RB_reg_0_31_18_18/DP/CLK is not reached by a timing clock
Related violations: <none>

TIMING-17#61 Warning
Non-clocked sequential cell  
The clock pin processor/data_registers/RB_reg_0_31_18_18/SP/CLK is not reached by a timing clock
Related violations: <none>

TIMING-17#62 Warning
Non-clocked sequential cell  
The clock pin processor/data_registers/RB_reg_0_31_19_19/DP/CLK is not reached by a timing clock
Related violations: <none>

TIMING-17#63 Warning
Non-clocked sequential cell  
The clock pin processor/data_registers/RB_reg_0_31_19_19/SP/CLK is not reached by a timing clock
Related violations: <none>

TIMING-17#64 Warning
Non-clocked sequential cell  
The clock pin processor/data_registers/RB_reg_0_31_1_1/DP/CLK is not reached by a timing clock
Related violations: <none>

TIMING-17#65 Warning
Non-clocked sequential cell  
The clock pin processor/data_registers/RB_reg_0_31_1_1/SP/CLK is not reached by a timing clock
Related violations: <none>

TIMING-17#66 Warning
Non-clocked sequential cell  
The clock pin processor/data_registers/RB_reg_0_31_20_20/DP/CLK is not reached by a timing clock
Related violations: <none>

TIMING-17#67 Warning
Non-clocked sequential cell  
The clock pin processor/data_registers/RB_reg_0_31_20_20/SP/CLK is not reached by a timing clock
Related violations: <none>

TIMING-17#68 Warning
Non-clocked sequential cell  
The clock pin processor/data_registers/RB_reg_0_31_21_21/DP/CLK is not reached by a timing clock
Related violations: <none>

TIMING-17#69 Warning
Non-clocked sequential cell  
The clock pin processor/data_registers/RB_reg_0_31_21_21/SP/CLK is not reached by a timing clock
Related violations: <none>

TIMING-17#70 Warning
Non-clocked sequential cell  
The clock pin processor/data_registers/RB_reg_0_31_22_22/DP/CLK is not reached by a timing clock
Related violations: <none>

TIMING-17#71 Warning
Non-clocked sequential cell  
The clock pin processor/data_registers/RB_reg_0_31_22_22/SP/CLK is not reached by a timing clock
Related violations: <none>

TIMING-17#72 Warning
Non-clocked sequential cell  
The clock pin processor/data_registers/RB_reg_0_31_23_23/DP/CLK is not reached by a timing clock
Related violations: <none>

TIMING-17#73 Warning
Non-clocked sequential cell  
The clock pin processor/data_registers/RB_reg_0_31_23_23/SP/CLK is not reached by a timing clock
Related violations: <none>

TIMING-17#74 Warning
Non-clocked sequential cell  
The clock pin processor/data_registers/RB_reg_0_31_24_24/DP/CLK is not reached by a timing clock
Related violations: <none>

TIMING-17#75 Warning
Non-clocked sequential cell  
The clock pin processor/data_registers/RB_reg_0_31_24_24/SP/CLK is not reached by a timing clock
Related violations: <none>

TIMING-17#76 Warning
Non-clocked sequential cell  
The clock pin processor/data_registers/RB_reg_0_31_25_25/DP/CLK is not reached by a timing clock
Related violations: <none>

TIMING-17#77 Warning
Non-clocked sequential cell  
The clock pin processor/data_registers/RB_reg_0_31_25_25/SP/CLK is not reached by a timing clock
Related violations: <none>

TIMING-17#78 Warning
Non-clocked sequential cell  
The clock pin processor/data_registers/RB_reg_0_31_26_26/DP/CLK is not reached by a timing clock
Related violations: <none>

TIMING-17#79 Warning
Non-clocked sequential cell  
The clock pin processor/data_registers/RB_reg_0_31_26_26/SP/CLK is not reached by a timing clock
Related violations: <none>

TIMING-17#80 Warning
Non-clocked sequential cell  
The clock pin processor/data_registers/RB_reg_0_31_27_27/DP/CLK is not reached by a timing clock
Related violations: <none>

TIMING-17#81 Warning
Non-clocked sequential cell  
The clock pin processor/data_registers/RB_reg_0_31_27_27/SP/CLK is not reached by a timing clock
Related violations: <none>

TIMING-17#82 Warning
Non-clocked sequential cell  
The clock pin processor/data_registers/RB_reg_0_31_28_28/DP/CLK is not reached by a timing clock
Related violations: <none>

TIMING-17#83 Warning
Non-clocked sequential cell  
The clock pin processor/data_registers/RB_reg_0_31_28_28/SP/CLK is not reached by a timing clock
Related violations: <none>

TIMING-17#84 Warning
Non-clocked sequential cell  
The clock pin processor/data_registers/RB_reg_0_31_29_29/DP/CLK is not reached by a timing clock
Related violations: <none>

TIMING-17#85 Warning
Non-clocked sequential cell  
The clock pin processor/data_registers/RB_reg_0_31_29_29/SP/CLK is not reached by a timing clock
Related violations: <none>

TIMING-17#86 Warning
Non-clocked sequential cell  
The clock pin processor/data_registers/RB_reg_0_31_2_2/DP/CLK is not reached by a timing clock
Related violations: <none>

TIMING-17#87 Warning
Non-clocked sequential cell  
The clock pin processor/data_registers/RB_reg_0_31_2_2/SP/CLK is not reached by a timing clock
Related violations: <none>

TIMING-17#88 Warning
Non-clocked sequential cell  
The clock pin processor/data_registers/RB_reg_0_31_30_30/DP/CLK is not reached by a timing clock
Related violations: <none>

TIMING-17#89 Warning
Non-clocked sequential cell  
The clock pin processor/data_registers/RB_reg_0_31_30_30/SP/CLK is not reached by a timing clock
Related violations: <none>

TIMING-17#90 Warning
Non-clocked sequential cell  
The clock pin processor/data_registers/RB_reg_0_31_31_31/DP/CLK is not reached by a timing clock
Related violations: <none>

TIMING-17#91 Warning
Non-clocked sequential cell  
The clock pin processor/data_registers/RB_reg_0_31_31_31/SP/CLK is not reached by a timing clock
Related violations: <none>

TIMING-17#92 Warning
Non-clocked sequential cell  
The clock pin processor/data_registers/RB_reg_0_31_3_3/DP/CLK is not reached by a timing clock
Related violations: <none>

TIMING-17#93 Warning
Non-clocked sequential cell  
The clock pin processor/data_registers/RB_reg_0_31_3_3/SP/CLK is not reached by a timing clock
Related violations: <none>

TIMING-17#94 Warning
Non-clocked sequential cell  
The clock pin processor/data_registers/RB_reg_0_31_4_4/DP/CLK is not reached by a timing clock
Related violations: <none>

TIMING-17#95 Warning
Non-clocked sequential cell  
The clock pin processor/data_registers/RB_reg_0_31_4_4/SP/CLK is not reached by a timing clock
Related violations: <none>

TIMING-17#96 Warning
Non-clocked sequential cell  
The clock pin processor/data_registers/RB_reg_0_31_5_5/DP/CLK is not reached by a timing clock
Related violations: <none>

TIMING-17#97 Warning
Non-clocked sequential cell  
The clock pin processor/data_registers/RB_reg_0_31_5_5/SP/CLK is not reached by a timing clock
Related violations: <none>

TIMING-17#98 Warning
Non-clocked sequential cell  
The clock pin processor/data_registers/RB_reg_0_31_6_6/DP/CLK is not reached by a timing clock
Related violations: <none>

TIMING-17#99 Warning
Non-clocked sequential cell  
The clock pin processor/data_registers/RB_reg_0_31_6_6/SP/CLK is not reached by a timing clock
Related violations: <none>

TIMING-17#100 Warning
Non-clocked sequential cell  
The clock pin processor/data_registers/RB_reg_0_31_7_7/DP/CLK is not reached by a timing clock
Related violations: <none>

TIMING-17#101 Warning
Non-clocked sequential cell  
The clock pin processor/data_registers/RB_reg_0_31_7_7/SP/CLK is not reached by a timing clock
Related violations: <none>

TIMING-17#102 Warning
Non-clocked sequential cell  
The clock pin processor/data_registers/RB_reg_0_31_8_8/DP/CLK is not reached by a timing clock
Related violations: <none>

TIMING-17#103 Warning
Non-clocked sequential cell  
The clock pin processor/data_registers/RB_reg_0_31_8_8/SP/CLK is not reached by a timing clock
Related violations: <none>

TIMING-17#104 Warning
Non-clocked sequential cell  
The clock pin processor/data_registers/RB_reg_0_31_9_9/DP/CLK is not reached by a timing clock
Related violations: <none>

TIMING-17#105 Warning
Non-clocked sequential cell  
The clock pin processor/data_registers/RB_reg_0_31_9_9/SP/CLK is not reached by a timing clock
Related violations: <none>

TIMING-17#106 Warning
Non-clocked sequential cell  
The clock pin processor/flip_group/bus_width_loop[10].Y_reg[10]/C is not reached by a timing clock
Related violations: <none>

TIMING-17#107 Warning
Non-clocked sequential cell  
The clock pin processor/flip_group/bus_width_loop[11].Y_reg[11]/C is not reached by a timing clock
Related violations: <none>

TIMING-17#108 Warning
Non-clocked sequential cell  
The clock pin processor/flip_group/bus_width_loop[12].Y_reg[12]/C is not reached by a timing clock
Related violations: <none>

TIMING-17#109 Warning
Non-clocked sequential cell  
The clock pin processor/flip_group/bus_width_loop[13].Y_reg[13]/C is not reached by a timing clock
Related violations: <none>

TIMING-17#110 Warning
Non-clocked sequential cell  
The clock pin processor/flip_group/bus_width_loop[14].Y_reg[14]/C is not reached by a timing clock
Related violations: <none>

TIMING-17#111 Warning
Non-clocked sequential cell  
The clock pin processor/flip_group/bus_width_loop[15].Y_reg[15]/C is not reached by a timing clock
Related violations: <none>

TIMING-17#112 Warning
Non-clocked sequential cell  
The clock pin processor/flip_group/bus_width_loop[20].Y_reg[20]/C is not reached by a timing clock
Related violations: <none>

TIMING-17#113 Warning
Non-clocked sequential cell  
The clock pin processor/flip_group/bus_width_loop[21].Y_reg[21]/C is not reached by a timing clock
Related violations: <none>

TIMING-17#114 Warning
Non-clocked sequential cell  
The clock pin processor/flip_group/bus_width_loop[22].Y_reg[22]/C is not reached by a timing clock
Related violations: <none>

TIMING-17#115 Warning
Non-clocked sequential cell  
The clock pin processor/flip_group/bus_width_loop[23].Y_reg[23]/C is not reached by a timing clock
Related violations: <none>

TIMING-17#116 Warning
Non-clocked sequential cell  
The clock pin processor/flip_group/bus_width_loop[2].Y_reg[2]/C is not reached by a timing clock
Related violations: <none>

TIMING-17#117 Warning
Non-clocked sequential cell  
The clock pin processor/flip_group/bus_width_loop[4].Y_reg[4]/C is not reached by a timing clock
Related violations: <none>

TIMING-17#118 Warning
Non-clocked sequential cell  
The clock pin processor/flip_group/bus_width_loop[6].Y_reg[6]/C is not reached by a timing clock
Related violations: <none>

TIMING-17#119 Warning
Non-clocked sequential cell  
The clock pin processor/flip_group/bus_width_loop[7].Y_reg[7]/C is not reached by a timing clock
Related violations: <none>

TIMING-17#120 Warning
Non-clocked sequential cell  
The clock pin processor/flip_group/bus_width_loop[8].Y_reg[8]/C is not reached by a timing clock
Related violations: <none>

TIMING-17#121 Warning
Non-clocked sequential cell  
The clock pin processor/flip_group/bus_width_loop[9].Y_reg[9]/C is not reached by a timing clock
Related violations: <none>

TIMING-17#122 Warning
Non-clocked sequential cell  
The clock pin processor/get_interrupt/active_interrupt_pulse_reg/C is not reached by a timing clock
Related violations: <none>

TIMING-17#123 Warning
Non-clocked sequential cell  
The clock pin processor/get_interrupt/clean_interrupt_reg/C is not reached by a timing clock
Related violations: <none>

TIMING-17#124 Warning
Non-clocked sequential cell  
The clock pin processor/interrupt_control/interrupt_enable_reg/C is not reached by a timing clock
Related violations: <none>

TIMING-17#125 Warning
Non-clocked sequential cell  
The clock pin processor/interrupt_control/shaddow_carry_reg/C is not reached by a timing clock
Related violations: <none>

TIMING-17#126 Warning
Non-clocked sequential cell  
The clock pin processor/interrupt_control/shaddow_zero_reg/C is not reached by a timing clock
Related violations: <none>

TIMING-17#127 Warning
Non-clocked sequential cell  
The clock pin processor/logical_group/bus_width_loop[0].Y_reg[0]/C is not reached by a timing clock
Related violations: <none>

TIMING-17#128 Warning
Non-clocked sequential cell  
The clock pin processor/logical_group/bus_width_loop[10].Y_reg[10]/C is not reached by a timing clock
Related violations: <none>

TIMING-17#129 Warning
Non-clocked sequential cell  
The clock pin processor/logical_group/bus_width_loop[11].Y_reg[11]/C is not reached by a timing clock
Related violations: <none>

TIMING-17#130 Warning
Non-clocked sequential cell  
The clock pin processor/logical_group/bus_width_loop[12].Y_reg[12]/C is not reached by a timing clock
Related violations: <none>

TIMING-17#131 Warning
Non-clocked sequential cell  
The clock pin processor/logical_group/bus_width_loop[13].Y_reg[13]/C is not reached by a timing clock
Related violations: <none>

TIMING-17#132 Warning
Non-clocked sequential cell  
The clock pin processor/logical_group/bus_width_loop[14].Y_reg[14]/C is not reached by a timing clock
Related violations: <none>

TIMING-17#133 Warning
Non-clocked sequential cell  
The clock pin processor/logical_group/bus_width_loop[15].Y_reg[15]/C is not reached by a timing clock
Related violations: <none>

TIMING-17#134 Warning
Non-clocked sequential cell  
The clock pin processor/logical_group/bus_width_loop[16].Y_reg[16]/C is not reached by a timing clock
Related violations: <none>

TIMING-17#135 Warning
Non-clocked sequential cell  
The clock pin processor/logical_group/bus_width_loop[17].Y_reg[17]/C is not reached by a timing clock
Related violations: <none>

TIMING-17#136 Warning
Non-clocked sequential cell  
The clock pin processor/logical_group/bus_width_loop[18].Y_reg[18]/C is not reached by a timing clock
Related violations: <none>

TIMING-17#137 Warning
Non-clocked sequential cell  
The clock pin processor/logical_group/bus_width_loop[19].Y_reg[19]/C is not reached by a timing clock
Related violations: <none>

TIMING-17#138 Warning
Non-clocked sequential cell  
The clock pin processor/logical_group/bus_width_loop[1].Y_reg[1]/C is not reached by a timing clock
Related violations: <none>

TIMING-17#139 Warning
Non-clocked sequential cell  
The clock pin processor/logical_group/bus_width_loop[20].Y_reg[20]/C is not reached by a timing clock
Related violations: <none>

TIMING-17#140 Warning
Non-clocked sequential cell  
The clock pin processor/logical_group/bus_width_loop[21].Y_reg[21]/C is not reached by a timing clock
Related violations: <none>

TIMING-17#141 Warning
Non-clocked sequential cell  
The clock pin processor/logical_group/bus_width_loop[22].Y_reg[22]/C is not reached by a timing clock
Related violations: <none>

TIMING-17#142 Warning
Non-clocked sequential cell  
The clock pin processor/logical_group/bus_width_loop[23].Y_reg[23]/C is not reached by a timing clock
Related violations: <none>

TIMING-17#143 Warning
Non-clocked sequential cell  
The clock pin processor/logical_group/bus_width_loop[24].Y_reg[24]/C is not reached by a timing clock
Related violations: <none>

TIMING-17#144 Warning
Non-clocked sequential cell  
The clock pin processor/logical_group/bus_width_loop[25].Y_reg[25]/C is not reached by a timing clock
Related violations: <none>

TIMING-17#145 Warning
Non-clocked sequential cell  
The clock pin processor/logical_group/bus_width_loop[26].Y_reg[26]/C is not reached by a timing clock
Related violations: <none>

TIMING-17#146 Warning
Non-clocked sequential cell  
The clock pin processor/logical_group/bus_width_loop[27].Y_reg[27]/C is not reached by a timing clock
Related violations: <none>

TIMING-17#147 Warning
Non-clocked sequential cell  
The clock pin processor/logical_group/bus_width_loop[28].Y_reg[28]/C is not reached by a timing clock
Related violations: <none>

TIMING-17#148 Warning
Non-clocked sequential cell  
The clock pin processor/logical_group/bus_width_loop[29].Y_reg[29]/C is not reached by a timing clock
Related violations: <none>

TIMING-17#149 Warning
Non-clocked sequential cell  
The clock pin processor/logical_group/bus_width_loop[2].Y_reg[2]/C is not reached by a timing clock
Related violations: <none>

TIMING-17#150 Warning
Non-clocked sequential cell  
The clock pin processor/logical_group/bus_width_loop[30].Y_reg[30]/C is not reached by a timing clock
Related violations: <none>

TIMING-17#151 Warning
Non-clocked sequential cell  
The clock pin processor/logical_group/bus_width_loop[31].Y_reg[31]/C is not reached by a timing clock
Related violations: <none>

TIMING-17#152 Warning
Non-clocked sequential cell  
The clock pin processor/logical_group/bus_width_loop[3].Y_reg[3]/C is not reached by a timing clock
Related violations: <none>

TIMING-17#153 Warning
Non-clocked sequential cell  
The clock pin processor/logical_group/bus_width_loop[4].Y_reg[4]/C is not reached by a timing clock
Related violations: <none>

TIMING-17#154 Warning
Non-clocked sequential cell  
The clock pin processor/logical_group/bus_width_loop[5].Y_reg[5]/C is not reached by a timing clock
Related violations: <none>

TIMING-17#155 Warning
Non-clocked sequential cell  
The clock pin processor/logical_group/bus_width_loop[6].Y_reg[6]/C is not reached by a timing clock
Related violations: <none>

TIMING-17#156 Warning
Non-clocked sequential cell  
The clock pin processor/logical_group/bus_width_loop[7].Y_reg[7]/C is not reached by a timing clock
Related violations: <none>

TIMING-17#157 Warning
Non-clocked sequential cell  
The clock pin processor/logical_group/bus_width_loop[8].Y_reg[8]/C is not reached by a timing clock
Related violations: <none>

TIMING-17#158 Warning
Non-clocked sequential cell  
The clock pin processor/logical_group/bus_width_loop[9].Y_reg[9]/C is not reached by a timing clock
Related violations: <none>

TIMING-17#159 Warning
Non-clocked sequential cell  
The clock pin processor/prog_count/count_value_reg[0]/C is not reached by a timing clock
Related violations: <none>

TIMING-17#160 Warning
Non-clocked sequential cell  
The clock pin processor/prog_count/count_value_reg[10]/C is not reached by a timing clock
Related violations: <none>

TIMING-17#161 Warning
Non-clocked sequential cell  
The clock pin processor/prog_count/count_value_reg[1]/C is not reached by a timing clock
Related violations: <none>

TIMING-17#162 Warning
Non-clocked sequential cell  
The clock pin processor/prog_count/count_value_reg[2]/C is not reached by a timing clock
Related violations: <none>

TIMING-17#163 Warning
Non-clocked sequential cell  
The clock pin processor/prog_count/count_value_reg[3]/C is not reached by a timing clock
Related violations: <none>

TIMING-17#164 Warning
Non-clocked sequential cell  
The clock pin processor/prog_count/count_value_reg[4]/C is not reached by a timing clock
Related violations: <none>

TIMING-17#165 Warning
Non-clocked sequential cell  
The clock pin processor/prog_count/count_value_reg[5]/C is not reached by a timing clock
Related violations: <none>

TIMING-17#166 Warning
Non-clocked sequential cell  
The clock pin processor/prog_count/count_value_reg[6]/C is not reached by a timing clock
Related violations: <none>

TIMING-17#167 Warning
Non-clocked sequential cell  
The clock pin processor/prog_count/count_value_reg[7]/C is not reached by a timing clock
Related violations: <none>

TIMING-17#168 Warning
Non-clocked sequential cell  
The clock pin processor/prog_count/count_value_reg[8]/C is not reached by a timing clock
Related violations: <none>

TIMING-17#169 Warning
Non-clocked sequential cell  
The clock pin processor/prog_count/count_value_reg[9]/C is not reached by a timing clock
Related violations: <none>

TIMING-17#170 Warning
Non-clocked sequential cell  
The clock pin processor/reg_and_flag_enables/arith_or_logical_valid_reg/C is not reached by a timing clock
Related violations: <none>

TIMING-17#171 Warning
Non-clocked sequential cell  
The clock pin processor/reg_and_flag_enables/register_write_valid_reg/C is not reached by a timing clock
Related violations: <none>

TIMING-17#172 Warning
Non-clocked sequential cell  
The clock pin processor/reg_and_flag_enables/returni_or_shift_valid_reg/C is not reached by a timing clock
Related violations: <none>

TIMING-17#173 Warning
Non-clocked sequential cell  
The clock pin processor/shift_group/bus_width_loop[0].Y_reg[0]/C is not reached by a timing clock
Related violations: <none>

TIMING-17#174 Warning
Non-clocked sequential cell  
The clock pin processor/shift_group/bus_width_loop[10].Y_reg[10]/C is not reached by a timing clock
Related violations: <none>

TIMING-17#175 Warning
Non-clocked sequential cell  
The clock pin processor/shift_group/bus_width_loop[11].Y_reg[11]/C is not reached by a timing clock
Related violations: <none>

TIMING-17#176 Warning
Non-clocked sequential cell  
The clock pin processor/shift_group/bus_width_loop[12].Y_reg[12]/C is not reached by a timing clock
Related violations: <none>

TIMING-17#177 Warning
Non-clocked sequential cell  
The clock pin processor/shift_group/bus_width_loop[13].Y_reg[13]/C is not reached by a timing clock
Related violations: <none>

TIMING-17#178 Warning
Non-clocked sequential cell  
The clock pin processor/shift_group/bus_width_loop[14].Y_reg[14]/C is not reached by a timing clock
Related violations: <none>

TIMING-17#179 Warning
Non-clocked sequential cell  
The clock pin processor/shift_group/bus_width_loop[15].Y_reg[15]/C is not reached by a timing clock
Related violations: <none>

TIMING-17#180 Warning
Non-clocked sequential cell  
The clock pin processor/shift_group/bus_width_loop[16].Y_reg[16]/C is not reached by a timing clock
Related violations: <none>

TIMING-17#181 Warning
Non-clocked sequential cell  
The clock pin processor/shift_group/bus_width_loop[17].Y_reg[17]/C is not reached by a timing clock
Related violations: <none>

TIMING-17#182 Warning
Non-clocked sequential cell  
The clock pin processor/shift_group/bus_width_loop[18].Y_reg[18]/C is not reached by a timing clock
Related violations: <none>

TIMING-17#183 Warning
Non-clocked sequential cell  
The clock pin processor/shift_group/bus_width_loop[19].Y_reg[19]/C is not reached by a timing clock
Related violations: <none>

TIMING-17#184 Warning
Non-clocked sequential cell  
The clock pin processor/shift_group/bus_width_loop[1].Y_reg[1]/C is not reached by a timing clock
Related violations: <none>

TIMING-17#185 Warning
Non-clocked sequential cell  
The clock pin processor/shift_group/bus_width_loop[20].Y_reg[20]/C is not reached by a timing clock
Related violations: <none>

TIMING-17#186 Warning
Non-clocked sequential cell  
The clock pin processor/shift_group/bus_width_loop[21].Y_reg[21]/C is not reached by a timing clock
Related violations: <none>

TIMING-17#187 Warning
Non-clocked sequential cell  
The clock pin processor/shift_group/bus_width_loop[22].Y_reg[22]/C is not reached by a timing clock
Related violations: <none>

TIMING-17#188 Warning
Non-clocked sequential cell  
The clock pin processor/shift_group/bus_width_loop[23].Y_reg[23]/C is not reached by a timing clock
Related violations: <none>

TIMING-17#189 Warning
Non-clocked sequential cell  
The clock pin processor/shift_group/bus_width_loop[24].Y_reg[24]/C is not reached by a timing clock
Related violations: <none>

TIMING-17#190 Warning
Non-clocked sequential cell  
The clock pin processor/shift_group/bus_width_loop[25].Y_reg[25]/C is not reached by a timing clock
Related violations: <none>

TIMING-17#191 Warning
Non-clocked sequential cell  
The clock pin processor/shift_group/bus_width_loop[26].Y_reg[26]/C is not reached by a timing clock
Related violations: <none>

TIMING-17#192 Warning
Non-clocked sequential cell  
The clock pin processor/shift_group/bus_width_loop[27].Y_reg[27]/C is not reached by a timing clock
Related violations: <none>

TIMING-17#193 Warning
Non-clocked sequential cell  
The clock pin processor/shift_group/bus_width_loop[28].Y_reg[28]/C is not reached by a timing clock
Related violations: <none>

TIMING-17#194 Warning
Non-clocked sequential cell  
The clock pin processor/shift_group/bus_width_loop[29].Y_reg[29]/C is not reached by a timing clock
Related violations: <none>

TIMING-17#195 Warning
Non-clocked sequential cell  
The clock pin processor/shift_group/bus_width_loop[2].Y_reg[2]/C is not reached by a timing clock
Related violations: <none>

TIMING-17#196 Warning
Non-clocked sequential cell  
The clock pin processor/shift_group/bus_width_loop[30].Y_reg[30]/C is not reached by a timing clock
Related violations: <none>

TIMING-17#197 Warning
Non-clocked sequential cell  
The clock pin processor/shift_group/bus_width_loop[31].Y_reg[31]/C is not reached by a timing clock
Related violations: <none>

TIMING-17#198 Warning
Non-clocked sequential cell  
The clock pin processor/shift_group/bus_width_loop[3].Y_reg[3]/C is not reached by a timing clock
Related violations: <none>

TIMING-17#199 Warning
Non-clocked sequential cell  
The clock pin processor/shift_group/bus_width_loop[4].Y_reg[4]/C is not reached by a timing clock
Related violations: <none>

TIMING-17#200 Warning
Non-clocked sequential cell  
The clock pin processor/shift_group/bus_width_loop[5].Y_reg[5]/C is not reached by a timing clock
Related violations: <none>

TIMING-17#201 Warning
Non-clocked sequential cell  
The clock pin processor/shift_group/bus_width_loop[6].Y_reg[6]/C is not reached by a timing clock
Related violations: <none>

TIMING-17#202 Warning
Non-clocked sequential cell  
The clock pin processor/shift_group/bus_width_loop[7].Y_reg[7]/C is not reached by a timing clock
Related violations: <none>

TIMING-17#203 Warning
Non-clocked sequential cell  
The clock pin processor/shift_group/bus_width_loop[8].Y_reg[8]/C is not reached by a timing clock
Related violations: <none>

TIMING-17#204 Warning
Non-clocked sequential cell  
The clock pin processor/shift_group/bus_width_loop[9].Y_reg[9]/C is not reached by a timing clock
Related violations: <none>

TIMING-17#205 Warning
Non-clocked sequential cell  
The clock pin processor/shift_group/carry_out_reg/C is not reached by a timing clock
Related violations: <none>

TIMING-17#206 Warning
Non-clocked sequential cell  
The clock pin processor/shift_serial/Y_reg[10]/C is not reached by a timing clock
Related violations: <none>

TIMING-17#207 Warning
Non-clocked sequential cell  
The clock pin processor/shift_serial/Y_reg[11]/C is not reached by a timing clock
Related violations: <none>

TIMING-17#208 Warning
Non-clocked sequential cell  
The clock pin processor/shift_serial/Y_reg[12]/C is not reached by a timing clock
Related violations: <none>

TIMING-17#209 Warning
Non-clocked sequential cell  
The clock pin processor/shift_serial/Y_reg[13]/C is not reached by a timing clock
Related violations: <none>

TIMING-17#210 Warning
Non-clocked sequential cell  
The clock pin processor/shift_serial/Y_reg[14]/C is not reached by a timing clock
Related violations: <none>

TIMING-17#211 Warning
Non-clocked sequential cell  
The clock pin processor/shift_serial/Y_reg[15]/C is not reached by a timing clock
Related violations: <none>

TIMING-17#212 Warning
Non-clocked sequential cell  
The clock pin processor/shift_serial/Y_reg[20]/C is not reached by a timing clock
Related violations: <none>

TIMING-17#213 Warning
Non-clocked sequential cell  
The clock pin processor/shift_serial/Y_reg[21]/C is not reached by a timing clock
Related violations: <none>

TIMING-17#214 Warning
Non-clocked sequential cell  
The clock pin processor/shift_serial/Y_reg[22]/C is not reached by a timing clock
Related violations: <none>

TIMING-17#215 Warning
Non-clocked sequential cell  
The clock pin processor/shift_serial/Y_reg[23]/C is not reached by a timing clock
Related violations: <none>

TIMING-17#216 Warning
Non-clocked sequential cell  
The clock pin processor/shift_serial/Y_reg[2]/C is not reached by a timing clock
Related violations: <none>

TIMING-17#217 Warning
Non-clocked sequential cell  
The clock pin processor/shift_serial/Y_reg[4]/C is not reached by a timing clock
Related violations: <none>

TIMING-17#218 Warning
Non-clocked sequential cell  
The clock pin processor/shift_serial/Y_reg[6]/C is not reached by a timing clock
Related violations: <none>

TIMING-17#219 Warning
Non-clocked sequential cell  
The clock pin processor/shift_serial/Y_reg[7]/C is not reached by a timing clock
Related violations: <none>

TIMING-17#220 Warning
Non-clocked sequential cell  
The clock pin processor/shift_serial/Y_reg[8]/C is not reached by a timing clock
Related violations: <none>

TIMING-17#221 Warning
Non-clocked sequential cell  
The clock pin processor/shift_serial/Y_reg[9]/C is not reached by a timing clock
Related violations: <none>

TIMING-17#222 Warning
Non-clocked sequential cell  
The clock pin processor/stack_control/count_width_loop[0].count_value_reg[0]/C is not reached by a timing clock
Related violations: <none>

TIMING-17#223 Warning
Non-clocked sequential cell  
The clock pin processor/stack_control/count_width_loop[1].count_value_reg[1]/C is not reached by a timing clock
Related violations: <none>

TIMING-17#224 Warning
Non-clocked sequential cell  
The clock pin processor/stack_control/count_width_loop[2].count_value_reg[2]/C is not reached by a timing clock
Related violations: <none>

TIMING-17#225 Warning
Non-clocked sequential cell  
The clock pin processor/stack_control/count_width_loop[3].count_value_reg[3]/C is not reached by a timing clock
Related violations: <none>

TIMING-17#226 Warning
Non-clocked sequential cell  
The clock pin processor/stack_memory/bus_width_loop[0].Dout_reg[0]/C is not reached by a timing clock
Related violations: <none>

TIMING-17#227 Warning
Non-clocked sequential cell  
The clock pin processor/stack_memory/bus_width_loop[0].stack_ram_bit/rambit_reg[0]/C is not reached by a timing clock
Related violations: <none>

TIMING-17#228 Warning
Non-clocked sequential cell  
The clock pin processor/stack_memory/bus_width_loop[0].stack_ram_bit/rambit_reg[10]/C is not reached by a timing clock
Related violations: <none>

TIMING-17#229 Warning
Non-clocked sequential cell  
The clock pin processor/stack_memory/bus_width_loop[0].stack_ram_bit/rambit_reg[11]/C is not reached by a timing clock
Related violations: <none>

TIMING-17#230 Warning
Non-clocked sequential cell  
The clock pin processor/stack_memory/bus_width_loop[0].stack_ram_bit/rambit_reg[12]/C is not reached by a timing clock
Related violations: <none>

TIMING-17#231 Warning
Non-clocked sequential cell  
The clock pin processor/stack_memory/bus_width_loop[0].stack_ram_bit/rambit_reg[13]/C is not reached by a timing clock
Related violations: <none>

TIMING-17#232 Warning
Non-clocked sequential cell  
The clock pin processor/stack_memory/bus_width_loop[0].stack_ram_bit/rambit_reg[14]/C is not reached by a timing clock
Related violations: <none>

TIMING-17#233 Warning
Non-clocked sequential cell  
The clock pin processor/stack_memory/bus_width_loop[0].stack_ram_bit/rambit_reg[15]/C is not reached by a timing clock
Related violations: <none>

TIMING-17#234 Warning
Non-clocked sequential cell  
The clock pin processor/stack_memory/bus_width_loop[0].stack_ram_bit/rambit_reg[1]/C is not reached by a timing clock
Related violations: <none>

TIMING-17#235 Warning
Non-clocked sequential cell  
The clock pin processor/stack_memory/bus_width_loop[0].stack_ram_bit/rambit_reg[2]/C is not reached by a timing clock
Related violations: <none>

TIMING-17#236 Warning
Non-clocked sequential cell  
The clock pin processor/stack_memory/bus_width_loop[0].stack_ram_bit/rambit_reg[3]/C is not reached by a timing clock
Related violations: <none>

TIMING-17#237 Warning
Non-clocked sequential cell  
The clock pin processor/stack_memory/bus_width_loop[0].stack_ram_bit/rambit_reg[4]/C is not reached by a timing clock
Related violations: <none>

TIMING-17#238 Warning
Non-clocked sequential cell  
The clock pin processor/stack_memory/bus_width_loop[0].stack_ram_bit/rambit_reg[5]/C is not reached by a timing clock
Related violations: <none>

TIMING-17#239 Warning
Non-clocked sequential cell  
The clock pin processor/stack_memory/bus_width_loop[0].stack_ram_bit/rambit_reg[6]/C is not reached by a timing clock
Related violations: <none>

TIMING-17#240 Warning
Non-clocked sequential cell  
The clock pin processor/stack_memory/bus_width_loop[0].stack_ram_bit/rambit_reg[7]/C is not reached by a timing clock
Related violations: <none>

TIMING-17#241 Warning
Non-clocked sequential cell  
The clock pin processor/stack_memory/bus_width_loop[0].stack_ram_bit/rambit_reg[8]/C is not reached by a timing clock
Related violations: <none>

TIMING-17#242 Warning
Non-clocked sequential cell  
The clock pin processor/stack_memory/bus_width_loop[0].stack_ram_bit/rambit_reg[9]/C is not reached by a timing clock
Related violations: <none>

TIMING-17#243 Warning
Non-clocked sequential cell  
The clock pin processor/stack_memory/bus_width_loop[10].Dout_reg[10]/C is not reached by a timing clock
Related violations: <none>

TIMING-17#244 Warning
Non-clocked sequential cell  
The clock pin processor/stack_memory/bus_width_loop[10].stack_ram_bit/rambit_reg[0]/C is not reached by a timing clock
Related violations: <none>

TIMING-17#245 Warning
Non-clocked sequential cell  
The clock pin processor/stack_memory/bus_width_loop[10].stack_ram_bit/rambit_reg[10]/C is not reached by a timing clock
Related violations: <none>

TIMING-17#246 Warning
Non-clocked sequential cell  
The clock pin processor/stack_memory/bus_width_loop[10].stack_ram_bit/rambit_reg[11]/C is not reached by a timing clock
Related violations: <none>

TIMING-17#247 Warning
Non-clocked sequential cell  
The clock pin processor/stack_memory/bus_width_loop[10].stack_ram_bit/rambit_reg[12]/C is not reached by a timing clock
Related violations: <none>

TIMING-17#248 Warning
Non-clocked sequential cell  
The clock pin processor/stack_memory/bus_width_loop[10].stack_ram_bit/rambit_reg[13]/C is not reached by a timing clock
Related violations: <none>

TIMING-17#249 Warning
Non-clocked sequential cell  
The clock pin processor/stack_memory/bus_width_loop[10].stack_ram_bit/rambit_reg[14]/C is not reached by a timing clock
Related violations: <none>

TIMING-17#250 Warning
Non-clocked sequential cell  
The clock pin processor/stack_memory/bus_width_loop[10].stack_ram_bit/rambit_reg[15]/C is not reached by a timing clock
Related violations: <none>

TIMING-17#251 Warning
Non-clocked sequential cell  
The clock pin processor/stack_memory/bus_width_loop[10].stack_ram_bit/rambit_reg[1]/C is not reached by a timing clock
Related violations: <none>

TIMING-17#252 Warning
Non-clocked sequential cell  
The clock pin processor/stack_memory/bus_width_loop[10].stack_ram_bit/rambit_reg[2]/C is not reached by a timing clock
Related violations: <none>

TIMING-17#253 Warning
Non-clocked sequential cell  
The clock pin processor/stack_memory/bus_width_loop[10].stack_ram_bit/rambit_reg[3]/C is not reached by a timing clock
Related violations: <none>

TIMING-17#254 Warning
Non-clocked sequential cell  
The clock pin processor/stack_memory/bus_width_loop[10].stack_ram_bit/rambit_reg[4]/C is not reached by a timing clock
Related violations: <none>

TIMING-17#255 Warning
Non-clocked sequential cell  
The clock pin processor/stack_memory/bus_width_loop[10].stack_ram_bit/rambit_reg[5]/C is not reached by a timing clock
Related violations: <none>

TIMING-17#256 Warning
Non-clocked sequential cell  
The clock pin processor/stack_memory/bus_width_loop[10].stack_ram_bit/rambit_reg[6]/C is not reached by a timing clock
Related violations: <none>

TIMING-17#257 Warning
Non-clocked sequential cell  
The clock pin processor/stack_memory/bus_width_loop[10].stack_ram_bit/rambit_reg[7]/C is not reached by a timing clock
Related violations: <none>

TIMING-17#258 Warning
Non-clocked sequential cell  
The clock pin processor/stack_memory/bus_width_loop[10].stack_ram_bit/rambit_reg[8]/C is not reached by a timing clock
Related violations: <none>

TIMING-17#259 Warning
Non-clocked sequential cell  
The clock pin processor/stack_memory/bus_width_loop[10].stack_ram_bit/rambit_reg[9]/C is not reached by a timing clock
Related violations: <none>

TIMING-17#260 Warning
Non-clocked sequential cell  
The clock pin processor/stack_memory/bus_width_loop[1].Dout_reg[1]/C is not reached by a timing clock
Related violations: <none>

TIMING-17#261 Warning
Non-clocked sequential cell  
The clock pin processor/stack_memory/bus_width_loop[1].stack_ram_bit/rambit_reg[0]/C is not reached by a timing clock
Related violations: <none>

TIMING-17#262 Warning
Non-clocked sequential cell  
The clock pin processor/stack_memory/bus_width_loop[1].stack_ram_bit/rambit_reg[10]/C is not reached by a timing clock
Related violations: <none>

TIMING-17#263 Warning
Non-clocked sequential cell  
The clock pin processor/stack_memory/bus_width_loop[1].stack_ram_bit/rambit_reg[11]/C is not reached by a timing clock
Related violations: <none>

TIMING-17#264 Warning
Non-clocked sequential cell  
The clock pin processor/stack_memory/bus_width_loop[1].stack_ram_bit/rambit_reg[12]/C is not reached by a timing clock
Related violations: <none>

TIMING-17#265 Warning
Non-clocked sequential cell  
The clock pin processor/stack_memory/bus_width_loop[1].stack_ram_bit/rambit_reg[13]/C is not reached by a timing clock
Related violations: <none>

TIMING-17#266 Warning
Non-clocked sequential cell  
The clock pin processor/stack_memory/bus_width_loop[1].stack_ram_bit/rambit_reg[14]/C is not reached by a timing clock
Related violations: <none>

TIMING-17#267 Warning
Non-clocked sequential cell  
The clock pin processor/stack_memory/bus_width_loop[1].stack_ram_bit/rambit_reg[15]/C is not reached by a timing clock
Related violations: <none>

TIMING-17#268 Warning
Non-clocked sequential cell  
The clock pin processor/stack_memory/bus_width_loop[1].stack_ram_bit/rambit_reg[1]/C is not reached by a timing clock
Related violations: <none>

TIMING-17#269 Warning
Non-clocked sequential cell  
The clock pin processor/stack_memory/bus_width_loop[1].stack_ram_bit/rambit_reg[2]/C is not reached by a timing clock
Related violations: <none>

TIMING-17#270 Warning
Non-clocked sequential cell  
The clock pin processor/stack_memory/bus_width_loop[1].stack_ram_bit/rambit_reg[3]/C is not reached by a timing clock
Related violations: <none>

TIMING-17#271 Warning
Non-clocked sequential cell  
The clock pin processor/stack_memory/bus_width_loop[1].stack_ram_bit/rambit_reg[4]/C is not reached by a timing clock
Related violations: <none>

TIMING-17#272 Warning
Non-clocked sequential cell  
The clock pin processor/stack_memory/bus_width_loop[1].stack_ram_bit/rambit_reg[5]/C is not reached by a timing clock
Related violations: <none>

TIMING-17#273 Warning
Non-clocked sequential cell  
The clock pin processor/stack_memory/bus_width_loop[1].stack_ram_bit/rambit_reg[6]/C is not reached by a timing clock
Related violations: <none>

TIMING-17#274 Warning
Non-clocked sequential cell  
The clock pin processor/stack_memory/bus_width_loop[1].stack_ram_bit/rambit_reg[7]/C is not reached by a timing clock
Related violations: <none>

TIMING-17#275 Warning
Non-clocked sequential cell  
The clock pin processor/stack_memory/bus_width_loop[1].stack_ram_bit/rambit_reg[8]/C is not reached by a timing clock
Related violations: <none>

TIMING-17#276 Warning
Non-clocked sequential cell  
The clock pin processor/stack_memory/bus_width_loop[1].stack_ram_bit/rambit_reg[9]/C is not reached by a timing clock
Related violations: <none>

TIMING-17#277 Warning
Non-clocked sequential cell  
The clock pin processor/stack_memory/bus_width_loop[2].Dout_reg[2]/C is not reached by a timing clock
Related violations: <none>

TIMING-17#278 Warning
Non-clocked sequential cell  
The clock pin processor/stack_memory/bus_width_loop[2].stack_ram_bit/rambit_reg[0]/C is not reached by a timing clock
Related violations: <none>

TIMING-17#279 Warning
Non-clocked sequential cell  
The clock pin processor/stack_memory/bus_width_loop[2].stack_ram_bit/rambit_reg[10]/C is not reached by a timing clock
Related violations: <none>

TIMING-17#280 Warning
Non-clocked sequential cell  
The clock pin processor/stack_memory/bus_width_loop[2].stack_ram_bit/rambit_reg[11]/C is not reached by a timing clock
Related violations: <none>

TIMING-17#281 Warning
Non-clocked sequential cell  
The clock pin processor/stack_memory/bus_width_loop[2].stack_ram_bit/rambit_reg[12]/C is not reached by a timing clock
Related violations: <none>

TIMING-17#282 Warning
Non-clocked sequential cell  
The clock pin processor/stack_memory/bus_width_loop[2].stack_ram_bit/rambit_reg[13]/C is not reached by a timing clock
Related violations: <none>

TIMING-17#283 Warning
Non-clocked sequential cell  
The clock pin processor/stack_memory/bus_width_loop[2].stack_ram_bit/rambit_reg[14]/C is not reached by a timing clock
Related violations: <none>

TIMING-17#284 Warning
Non-clocked sequential cell  
The clock pin processor/stack_memory/bus_width_loop[2].stack_ram_bit/rambit_reg[15]/C is not reached by a timing clock
Related violations: <none>

TIMING-17#285 Warning
Non-clocked sequential cell  
The clock pin processor/stack_memory/bus_width_loop[2].stack_ram_bit/rambit_reg[1]/C is not reached by a timing clock
Related violations: <none>

TIMING-17#286 Warning
Non-clocked sequential cell  
The clock pin processor/stack_memory/bus_width_loop[2].stack_ram_bit/rambit_reg[2]/C is not reached by a timing clock
Related violations: <none>

TIMING-17#287 Warning
Non-clocked sequential cell  
The clock pin processor/stack_memory/bus_width_loop[2].stack_ram_bit/rambit_reg[3]/C is not reached by a timing clock
Related violations: <none>

TIMING-17#288 Warning
Non-clocked sequential cell  
The clock pin processor/stack_memory/bus_width_loop[2].stack_ram_bit/rambit_reg[4]/C is not reached by a timing clock
Related violations: <none>

TIMING-17#289 Warning
Non-clocked sequential cell  
The clock pin processor/stack_memory/bus_width_loop[2].stack_ram_bit/rambit_reg[5]/C is not reached by a timing clock
Related violations: <none>

TIMING-17#290 Warning
Non-clocked sequential cell  
The clock pin processor/stack_memory/bus_width_loop[2].stack_ram_bit/rambit_reg[6]/C is not reached by a timing clock
Related violations: <none>

TIMING-17#291 Warning
Non-clocked sequential cell  
The clock pin processor/stack_memory/bus_width_loop[2].stack_ram_bit/rambit_reg[7]/C is not reached by a timing clock
Related violations: <none>

TIMING-17#292 Warning
Non-clocked sequential cell  
The clock pin processor/stack_memory/bus_width_loop[2].stack_ram_bit/rambit_reg[8]/C is not reached by a timing clock
Related violations: <none>

TIMING-17#293 Warning
Non-clocked sequential cell  
The clock pin processor/stack_memory/bus_width_loop[2].stack_ram_bit/rambit_reg[9]/C is not reached by a timing clock
Related violations: <none>

TIMING-17#294 Warning
Non-clocked sequential cell  
The clock pin processor/stack_memory/bus_width_loop[3].Dout_reg[3]/C is not reached by a timing clock
Related violations: <none>

TIMING-17#295 Warning
Non-clocked sequential cell  
The clock pin processor/stack_memory/bus_width_loop[3].stack_ram_bit/rambit_reg[0]/C is not reached by a timing clock
Related violations: <none>

TIMING-17#296 Warning
Non-clocked sequential cell  
The clock pin processor/stack_memory/bus_width_loop[3].stack_ram_bit/rambit_reg[10]/C is not reached by a timing clock
Related violations: <none>

TIMING-17#297 Warning
Non-clocked sequential cell  
The clock pin processor/stack_memory/bus_width_loop[3].stack_ram_bit/rambit_reg[11]/C is not reached by a timing clock
Related violations: <none>

TIMING-17#298 Warning
Non-clocked sequential cell  
The clock pin processor/stack_memory/bus_width_loop[3].stack_ram_bit/rambit_reg[12]/C is not reached by a timing clock
Related violations: <none>

TIMING-17#299 Warning
Non-clocked sequential cell  
The clock pin processor/stack_memory/bus_width_loop[3].stack_ram_bit/rambit_reg[13]/C is not reached by a timing clock
Related violations: <none>

TIMING-17#300 Warning
Non-clocked sequential cell  
The clock pin processor/stack_memory/bus_width_loop[3].stack_ram_bit/rambit_reg[14]/C is not reached by a timing clock
Related violations: <none>

TIMING-17#301 Warning
Non-clocked sequential cell  
The clock pin processor/stack_memory/bus_width_loop[3].stack_ram_bit/rambit_reg[15]/C is not reached by a timing clock
Related violations: <none>

TIMING-17#302 Warning
Non-clocked sequential cell  
The clock pin processor/stack_memory/bus_width_loop[3].stack_ram_bit/rambit_reg[1]/C is not reached by a timing clock
Related violations: <none>

TIMING-17#303 Warning
Non-clocked sequential cell  
The clock pin processor/stack_memory/bus_width_loop[3].stack_ram_bit/rambit_reg[2]/C is not reached by a timing clock
Related violations: <none>

TIMING-17#304 Warning
Non-clocked sequential cell  
The clock pin processor/stack_memory/bus_width_loop[3].stack_ram_bit/rambit_reg[3]/C is not reached by a timing clock
Related violations: <none>

TIMING-17#305 Warning
Non-clocked sequential cell  
The clock pin processor/stack_memory/bus_width_loop[3].stack_ram_bit/rambit_reg[4]/C is not reached by a timing clock
Related violations: <none>

TIMING-17#306 Warning
Non-clocked sequential cell  
The clock pin processor/stack_memory/bus_width_loop[3].stack_ram_bit/rambit_reg[5]/C is not reached by a timing clock
Related violations: <none>

TIMING-17#307 Warning
Non-clocked sequential cell  
The clock pin processor/stack_memory/bus_width_loop[3].stack_ram_bit/rambit_reg[6]/C is not reached by a timing clock
Related violations: <none>

TIMING-17#308 Warning
Non-clocked sequential cell  
The clock pin processor/stack_memory/bus_width_loop[3].stack_ram_bit/rambit_reg[7]/C is not reached by a timing clock
Related violations: <none>

TIMING-17#309 Warning
Non-clocked sequential cell  
The clock pin processor/stack_memory/bus_width_loop[3].stack_ram_bit/rambit_reg[8]/C is not reached by a timing clock
Related violations: <none>

TIMING-17#310 Warning
Non-clocked sequential cell  
The clock pin processor/stack_memory/bus_width_loop[3].stack_ram_bit/rambit_reg[9]/C is not reached by a timing clock
Related violations: <none>

TIMING-17#311 Warning
Non-clocked sequential cell  
The clock pin processor/stack_memory/bus_width_loop[4].Dout_reg[4]/C is not reached by a timing clock
Related violations: <none>

TIMING-17#312 Warning
Non-clocked sequential cell  
The clock pin processor/stack_memory/bus_width_loop[4].stack_ram_bit/rambit_reg[0]/C is not reached by a timing clock
Related violations: <none>

TIMING-17#313 Warning
Non-clocked sequential cell  
The clock pin processor/stack_memory/bus_width_loop[4].stack_ram_bit/rambit_reg[10]/C is not reached by a timing clock
Related violations: <none>

TIMING-17#314 Warning
Non-clocked sequential cell  
The clock pin processor/stack_memory/bus_width_loop[4].stack_ram_bit/rambit_reg[11]/C is not reached by a timing clock
Related violations: <none>

TIMING-17#315 Warning
Non-clocked sequential cell  
The clock pin processor/stack_memory/bus_width_loop[4].stack_ram_bit/rambit_reg[12]/C is not reached by a timing clock
Related violations: <none>

TIMING-17#316 Warning
Non-clocked sequential cell  
The clock pin processor/stack_memory/bus_width_loop[4].stack_ram_bit/rambit_reg[13]/C is not reached by a timing clock
Related violations: <none>

TIMING-17#317 Warning
Non-clocked sequential cell  
The clock pin processor/stack_memory/bus_width_loop[4].stack_ram_bit/rambit_reg[14]/C is not reached by a timing clock
Related violations: <none>

TIMING-17#318 Warning
Non-clocked sequential cell  
The clock pin processor/stack_memory/bus_width_loop[4].stack_ram_bit/rambit_reg[15]/C is not reached by a timing clock
Related violations: <none>

TIMING-17#319 Warning
Non-clocked sequential cell  
The clock pin processor/stack_memory/bus_width_loop[4].stack_ram_bit/rambit_reg[1]/C is not reached by a timing clock
Related violations: <none>

TIMING-17#320 Warning
Non-clocked sequential cell  
The clock pin processor/stack_memory/bus_width_loop[4].stack_ram_bit/rambit_reg[2]/C is not reached by a timing clock
Related violations: <none>

TIMING-17#321 Warning
Non-clocked sequential cell  
The clock pin processor/stack_memory/bus_width_loop[4].stack_ram_bit/rambit_reg[3]/C is not reached by a timing clock
Related violations: <none>

TIMING-17#322 Warning
Non-clocked sequential cell  
The clock pin processor/stack_memory/bus_width_loop[4].stack_ram_bit/rambit_reg[4]/C is not reached by a timing clock
Related violations: <none>

TIMING-17#323 Warning
Non-clocked sequential cell  
The clock pin processor/stack_memory/bus_width_loop[4].stack_ram_bit/rambit_reg[5]/C is not reached by a timing clock
Related violations: <none>

TIMING-17#324 Warning
Non-clocked sequential cell  
The clock pin processor/stack_memory/bus_width_loop[4].stack_ram_bit/rambit_reg[6]/C is not reached by a timing clock
Related violations: <none>

TIMING-17#325 Warning
Non-clocked sequential cell  
The clock pin processor/stack_memory/bus_width_loop[4].stack_ram_bit/rambit_reg[7]/C is not reached by a timing clock
Related violations: <none>

TIMING-17#326 Warning
Non-clocked sequential cell  
The clock pin processor/stack_memory/bus_width_loop[4].stack_ram_bit/rambit_reg[8]/C is not reached by a timing clock
Related violations: <none>

TIMING-17#327 Warning
Non-clocked sequential cell  
The clock pin processor/stack_memory/bus_width_loop[4].stack_ram_bit/rambit_reg[9]/C is not reached by a timing clock
Related violations: <none>

TIMING-17#328 Warning
Non-clocked sequential cell  
The clock pin processor/stack_memory/bus_width_loop[5].Dout_reg[5]/C is not reached by a timing clock
Related violations: <none>

TIMING-17#329 Warning
Non-clocked sequential cell  
The clock pin processor/stack_memory/bus_width_loop[5].stack_ram_bit/rambit_reg[0]/C is not reached by a timing clock
Related violations: <none>

TIMING-17#330 Warning
Non-clocked sequential cell  
The clock pin processor/stack_memory/bus_width_loop[5].stack_ram_bit/rambit_reg[10]/C is not reached by a timing clock
Related violations: <none>

TIMING-17#331 Warning
Non-clocked sequential cell  
The clock pin processor/stack_memory/bus_width_loop[5].stack_ram_bit/rambit_reg[11]/C is not reached by a timing clock
Related violations: <none>

TIMING-17#332 Warning
Non-clocked sequential cell  
The clock pin processor/stack_memory/bus_width_loop[5].stack_ram_bit/rambit_reg[12]/C is not reached by a timing clock
Related violations: <none>

TIMING-17#333 Warning
Non-clocked sequential cell  
The clock pin processor/stack_memory/bus_width_loop[5].stack_ram_bit/rambit_reg[13]/C is not reached by a timing clock
Related violations: <none>

TIMING-17#334 Warning
Non-clocked sequential cell  
The clock pin processor/stack_memory/bus_width_loop[5].stack_ram_bit/rambit_reg[14]/C is not reached by a timing clock
Related violations: <none>

TIMING-17#335 Warning
Non-clocked sequential cell  
The clock pin processor/stack_memory/bus_width_loop[5].stack_ram_bit/rambit_reg[15]/C is not reached by a timing clock
Related violations: <none>

TIMING-17#336 Warning
Non-clocked sequential cell  
The clock pin processor/stack_memory/bus_width_loop[5].stack_ram_bit/rambit_reg[1]/C is not reached by a timing clock
Related violations: <none>

TIMING-17#337 Warning
Non-clocked sequential cell  
The clock pin processor/stack_memory/bus_width_loop[5].stack_ram_bit/rambit_reg[2]/C is not reached by a timing clock
Related violations: <none>

TIMING-17#338 Warning
Non-clocked sequential cell  
The clock pin processor/stack_memory/bus_width_loop[5].stack_ram_bit/rambit_reg[3]/C is not reached by a timing clock
Related violations: <none>

TIMING-17#339 Warning
Non-clocked sequential cell  
The clock pin processor/stack_memory/bus_width_loop[5].stack_ram_bit/rambit_reg[4]/C is not reached by a timing clock
Related violations: <none>

TIMING-17#340 Warning
Non-clocked sequential cell  
The clock pin processor/stack_memory/bus_width_loop[5].stack_ram_bit/rambit_reg[5]/C is not reached by a timing clock
Related violations: <none>

TIMING-17#341 Warning
Non-clocked sequential cell  
The clock pin processor/stack_memory/bus_width_loop[5].stack_ram_bit/rambit_reg[6]/C is not reached by a timing clock
Related violations: <none>

TIMING-17#342 Warning
Non-clocked sequential cell  
The clock pin processor/stack_memory/bus_width_loop[5].stack_ram_bit/rambit_reg[7]/C is not reached by a timing clock
Related violations: <none>

TIMING-17#343 Warning
Non-clocked sequential cell  
The clock pin processor/stack_memory/bus_width_loop[5].stack_ram_bit/rambit_reg[8]/C is not reached by a timing clock
Related violations: <none>

TIMING-17#344 Warning
Non-clocked sequential cell  
The clock pin processor/stack_memory/bus_width_loop[5].stack_ram_bit/rambit_reg[9]/C is not reached by a timing clock
Related violations: <none>

TIMING-17#345 Warning
Non-clocked sequential cell  
The clock pin processor/stack_memory/bus_width_loop[6].Dout_reg[6]/C is not reached by a timing clock
Related violations: <none>

TIMING-17#346 Warning
Non-clocked sequential cell  
The clock pin processor/stack_memory/bus_width_loop[6].stack_ram_bit/rambit_reg[0]/C is not reached by a timing clock
Related violations: <none>

TIMING-17#347 Warning
Non-clocked sequential cell  
The clock pin processor/stack_memory/bus_width_loop[6].stack_ram_bit/rambit_reg[10]/C is not reached by a timing clock
Related violations: <none>

TIMING-17#348 Warning
Non-clocked sequential cell  
The clock pin processor/stack_memory/bus_width_loop[6].stack_ram_bit/rambit_reg[11]/C is not reached by a timing clock
Related violations: <none>

TIMING-17#349 Warning
Non-clocked sequential cell  
The clock pin processor/stack_memory/bus_width_loop[6].stack_ram_bit/rambit_reg[12]/C is not reached by a timing clock
Related violations: <none>

TIMING-17#350 Warning
Non-clocked sequential cell  
The clock pin processor/stack_memory/bus_width_loop[6].stack_ram_bit/rambit_reg[13]/C is not reached by a timing clock
Related violations: <none>

TIMING-17#351 Warning
Non-clocked sequential cell  
The clock pin processor/stack_memory/bus_width_loop[6].stack_ram_bit/rambit_reg[14]/C is not reached by a timing clock
Related violations: <none>

TIMING-17#352 Warning
Non-clocked sequential cell  
The clock pin processor/stack_memory/bus_width_loop[6].stack_ram_bit/rambit_reg[15]/C is not reached by a timing clock
Related violations: <none>

TIMING-17#353 Warning
Non-clocked sequential cell  
The clock pin processor/stack_memory/bus_width_loop[6].stack_ram_bit/rambit_reg[1]/C is not reached by a timing clock
Related violations: <none>

TIMING-17#354 Warning
Non-clocked sequential cell  
The clock pin processor/stack_memory/bus_width_loop[6].stack_ram_bit/rambit_reg[2]/C is not reached by a timing clock
Related violations: <none>

TIMING-17#355 Warning
Non-clocked sequential cell  
The clock pin processor/stack_memory/bus_width_loop[6].stack_ram_bit/rambit_reg[3]/C is not reached by a timing clock
Related violations: <none>

TIMING-17#356 Warning
Non-clocked sequential cell  
The clock pin processor/stack_memory/bus_width_loop[6].stack_ram_bit/rambit_reg[4]/C is not reached by a timing clock
Related violations: <none>

TIMING-17#357 Warning
Non-clocked sequential cell  
The clock pin processor/stack_memory/bus_width_loop[6].stack_ram_bit/rambit_reg[5]/C is not reached by a timing clock
Related violations: <none>

TIMING-17#358 Warning
Non-clocked sequential cell  
The clock pin processor/stack_memory/bus_width_loop[6].stack_ram_bit/rambit_reg[6]/C is not reached by a timing clock
Related violations: <none>

TIMING-17#359 Warning
Non-clocked sequential cell  
The clock pin processor/stack_memory/bus_width_loop[6].stack_ram_bit/rambit_reg[7]/C is not reached by a timing clock
Related violations: <none>

TIMING-17#360 Warning
Non-clocked sequential cell  
The clock pin processor/stack_memory/bus_width_loop[6].stack_ram_bit/rambit_reg[8]/C is not reached by a timing clock
Related violations: <none>

TIMING-17#361 Warning
Non-clocked sequential cell  
The clock pin processor/stack_memory/bus_width_loop[6].stack_ram_bit/rambit_reg[9]/C is not reached by a timing clock
Related violations: <none>

TIMING-17#362 Warning
Non-clocked sequential cell  
The clock pin processor/stack_memory/bus_width_loop[7].Dout_reg[7]/C is not reached by a timing clock
Related violations: <none>

TIMING-17#363 Warning
Non-clocked sequential cell  
The clock pin processor/stack_memory/bus_width_loop[7].stack_ram_bit/rambit_reg[0]/C is not reached by a timing clock
Related violations: <none>

TIMING-17#364 Warning
Non-clocked sequential cell  
The clock pin processor/stack_memory/bus_width_loop[7].stack_ram_bit/rambit_reg[10]/C is not reached by a timing clock
Related violations: <none>

TIMING-17#365 Warning
Non-clocked sequential cell  
The clock pin processor/stack_memory/bus_width_loop[7].stack_ram_bit/rambit_reg[11]/C is not reached by a timing clock
Related violations: <none>

TIMING-17#366 Warning
Non-clocked sequential cell  
The clock pin processor/stack_memory/bus_width_loop[7].stack_ram_bit/rambit_reg[12]/C is not reached by a timing clock
Related violations: <none>

TIMING-17#367 Warning
Non-clocked sequential cell  
The clock pin processor/stack_memory/bus_width_loop[7].stack_ram_bit/rambit_reg[13]/C is not reached by a timing clock
Related violations: <none>

TIMING-17#368 Warning
Non-clocked sequential cell  
The clock pin processor/stack_memory/bus_width_loop[7].stack_ram_bit/rambit_reg[14]/C is not reached by a timing clock
Related violations: <none>

TIMING-17#369 Warning
Non-clocked sequential cell  
The clock pin processor/stack_memory/bus_width_loop[7].stack_ram_bit/rambit_reg[15]/C is not reached by a timing clock
Related violations: <none>

TIMING-17#370 Warning
Non-clocked sequential cell  
The clock pin processor/stack_memory/bus_width_loop[7].stack_ram_bit/rambit_reg[1]/C is not reached by a timing clock
Related violations: <none>

TIMING-17#371 Warning
Non-clocked sequential cell  
The clock pin processor/stack_memory/bus_width_loop[7].stack_ram_bit/rambit_reg[2]/C is not reached by a timing clock
Related violations: <none>

TIMING-17#372 Warning
Non-clocked sequential cell  
The clock pin processor/stack_memory/bus_width_loop[7].stack_ram_bit/rambit_reg[3]/C is not reached by a timing clock
Related violations: <none>

TIMING-17#373 Warning
Non-clocked sequential cell  
The clock pin processor/stack_memory/bus_width_loop[7].stack_ram_bit/rambit_reg[4]/C is not reached by a timing clock
Related violations: <none>

TIMING-17#374 Warning
Non-clocked sequential cell  
The clock pin processor/stack_memory/bus_width_loop[7].stack_ram_bit/rambit_reg[5]/C is not reached by a timing clock
Related violations: <none>

TIMING-17#375 Warning
Non-clocked sequential cell  
The clock pin processor/stack_memory/bus_width_loop[7].stack_ram_bit/rambit_reg[6]/C is not reached by a timing clock
Related violations: <none>

TIMING-17#376 Warning
Non-clocked sequential cell  
The clock pin processor/stack_memory/bus_width_loop[7].stack_ram_bit/rambit_reg[7]/C is not reached by a timing clock
Related violations: <none>

TIMING-17#377 Warning
Non-clocked sequential cell  
The clock pin processor/stack_memory/bus_width_loop[7].stack_ram_bit/rambit_reg[8]/C is not reached by a timing clock
Related violations: <none>

TIMING-17#378 Warning
Non-clocked sequential cell  
The clock pin processor/stack_memory/bus_width_loop[7].stack_ram_bit/rambit_reg[9]/C is not reached by a timing clock
Related violations: <none>

TIMING-17#379 Warning
Non-clocked sequential cell  
The clock pin processor/stack_memory/bus_width_loop[8].Dout_reg[8]/C is not reached by a timing clock
Related violations: <none>

TIMING-17#380 Warning
Non-clocked sequential cell  
The clock pin processor/stack_memory/bus_width_loop[8].stack_ram_bit/rambit_reg[0]/C is not reached by a timing clock
Related violations: <none>

TIMING-17#381 Warning
Non-clocked sequential cell  
The clock pin processor/stack_memory/bus_width_loop[8].stack_ram_bit/rambit_reg[10]/C is not reached by a timing clock
Related violations: <none>

TIMING-17#382 Warning
Non-clocked sequential cell  
The clock pin processor/stack_memory/bus_width_loop[8].stack_ram_bit/rambit_reg[11]/C is not reached by a timing clock
Related violations: <none>

TIMING-17#383 Warning
Non-clocked sequential cell  
The clock pin processor/stack_memory/bus_width_loop[8].stack_ram_bit/rambit_reg[12]/C is not reached by a timing clock
Related violations: <none>

TIMING-17#384 Warning
Non-clocked sequential cell  
The clock pin processor/stack_memory/bus_width_loop[8].stack_ram_bit/rambit_reg[13]/C is not reached by a timing clock
Related violations: <none>

TIMING-17#385 Warning
Non-clocked sequential cell  
The clock pin processor/stack_memory/bus_width_loop[8].stack_ram_bit/rambit_reg[14]/C is not reached by a timing clock
Related violations: <none>

TIMING-17#386 Warning
Non-clocked sequential cell  
The clock pin processor/stack_memory/bus_width_loop[8].stack_ram_bit/rambit_reg[15]/C is not reached by a timing clock
Related violations: <none>

TIMING-17#387 Warning
Non-clocked sequential cell  
The clock pin processor/stack_memory/bus_width_loop[8].stack_ram_bit/rambit_reg[1]/C is not reached by a timing clock
Related violations: <none>

TIMING-17#388 Warning
Non-clocked sequential cell  
The clock pin processor/stack_memory/bus_width_loop[8].stack_ram_bit/rambit_reg[2]/C is not reached by a timing clock
Related violations: <none>

TIMING-17#389 Warning
Non-clocked sequential cell  
The clock pin processor/stack_memory/bus_width_loop[8].stack_ram_bit/rambit_reg[3]/C is not reached by a timing clock
Related violations: <none>

TIMING-17#390 Warning
Non-clocked sequential cell  
The clock pin processor/stack_memory/bus_width_loop[8].stack_ram_bit/rambit_reg[4]/C is not reached by a timing clock
Related violations: <none>

TIMING-17#391 Warning
Non-clocked sequential cell  
The clock pin processor/stack_memory/bus_width_loop[8].stack_ram_bit/rambit_reg[5]/C is not reached by a timing clock
Related violations: <none>

TIMING-17#392 Warning
Non-clocked sequential cell  
The clock pin processor/stack_memory/bus_width_loop[8].stack_ram_bit/rambit_reg[6]/C is not reached by a timing clock
Related violations: <none>

TIMING-17#393 Warning
Non-clocked sequential cell  
The clock pin processor/stack_memory/bus_width_loop[8].stack_ram_bit/rambit_reg[7]/C is not reached by a timing clock
Related violations: <none>

TIMING-17#394 Warning
Non-clocked sequential cell  
The clock pin processor/stack_memory/bus_width_loop[8].stack_ram_bit/rambit_reg[8]/C is not reached by a timing clock
Related violations: <none>

TIMING-17#395 Warning
Non-clocked sequential cell  
The clock pin processor/stack_memory/bus_width_loop[8].stack_ram_bit/rambit_reg[9]/C is not reached by a timing clock
Related violations: <none>

TIMING-17#396 Warning
Non-clocked sequential cell  
The clock pin processor/stack_memory/bus_width_loop[9].Dout_reg[9]/C is not reached by a timing clock
Related violations: <none>

TIMING-17#397 Warning
Non-clocked sequential cell  
The clock pin processor/stack_memory/bus_width_loop[9].stack_ram_bit/rambit_reg[0]/C is not reached by a timing clock
Related violations: <none>

TIMING-17#398 Warning
Non-clocked sequential cell  
The clock pin processor/stack_memory/bus_width_loop[9].stack_ram_bit/rambit_reg[10]/C is not reached by a timing clock
Related violations: <none>

TIMING-17#399 Warning
Non-clocked sequential cell  
The clock pin processor/stack_memory/bus_width_loop[9].stack_ram_bit/rambit_reg[11]/C is not reached by a timing clock
Related violations: <none>

TIMING-17#400 Warning
Non-clocked sequential cell  
The clock pin processor/stack_memory/bus_width_loop[9].stack_ram_bit/rambit_reg[12]/C is not reached by a timing clock
Related violations: <none>

TIMING-17#401 Warning
Non-clocked sequential cell  
The clock pin processor/stack_memory/bus_width_loop[9].stack_ram_bit/rambit_reg[13]/C is not reached by a timing clock
Related violations: <none>

TIMING-17#402 Warning
Non-clocked sequential cell  
The clock pin processor/stack_memory/bus_width_loop[9].stack_ram_bit/rambit_reg[14]/C is not reached by a timing clock
Related violations: <none>

TIMING-17#403 Warning
Non-clocked sequential cell  
The clock pin processor/stack_memory/bus_width_loop[9].stack_ram_bit/rambit_reg[15]/C is not reached by a timing clock
Related violations: <none>

TIMING-17#404 Warning
Non-clocked sequential cell  
The clock pin processor/stack_memory/bus_width_loop[9].stack_ram_bit/rambit_reg[1]/C is not reached by a timing clock
Related violations: <none>

TIMING-17#405 Warning
Non-clocked sequential cell  
The clock pin processor/stack_memory/bus_width_loop[9].stack_ram_bit/rambit_reg[2]/C is not reached by a timing clock
Related violations: <none>

TIMING-17#406 Warning
Non-clocked sequential cell  
The clock pin processor/stack_memory/bus_width_loop[9].stack_ram_bit/rambit_reg[3]/C is not reached by a timing clock
Related violations: <none>

TIMING-17#407 Warning
Non-clocked sequential cell  
The clock pin processor/stack_memory/bus_width_loop[9].stack_ram_bit/rambit_reg[4]/C is not reached by a timing clock
Related violations: <none>

TIMING-17#408 Warning
Non-clocked sequential cell  
The clock pin processor/stack_memory/bus_width_loop[9].stack_ram_bit/rambit_reg[5]/C is not reached by a timing clock
Related violations: <none>

TIMING-17#409 Warning
Non-clocked sequential cell  
The clock pin processor/stack_memory/bus_width_loop[9].stack_ram_bit/rambit_reg[6]/C is not reached by a timing clock
Related violations: <none>

TIMING-17#410 Warning
Non-clocked sequential cell  
The clock pin processor/stack_memory/bus_width_loop[9].stack_ram_bit/rambit_reg[7]/C is not reached by a timing clock
Related violations: <none>

TIMING-17#411 Warning
Non-clocked sequential cell  
The clock pin processor/stack_memory/bus_width_loop[9].stack_ram_bit/rambit_reg[8]/C is not reached by a timing clock
Related violations: <none>

TIMING-17#412 Warning
Non-clocked sequential cell  
The clock pin processor/stack_memory/bus_width_loop[9].stack_ram_bit/rambit_reg[9]/C is not reached by a timing clock
Related violations: <none>

TIMING-17#413 Warning
Non-clocked sequential cell  
The clock pin processor/zero_logic/zero_flag_reg/C is not reached by a timing clock
Related violations: <none>

TIMING-17#414 Warning
Non-clocked sequential cell  
The clock pin program/dout_reg_0/CLKARDCLK is not reached by a timing clock
Related violations: <none>

TIMING-17#415 Warning
Non-clocked sequential cell  
The clock pin program/dout_reg_1/CLKARDCLK is not reached by a timing clock
Related violations: <none>

TIMING-17#416 Warning
Non-clocked sequential cell  
The clock pin program/dout_reg_2/CLKARDCLK is not reached by a timing clock
Related violations: <none>

TIMING-17#417 Warning
Non-clocked sequential cell  
The clock pin program/program/dout_reg_0_cooolgate_en_gate_1_cooolDelFlop/C is not reached by a timing clock
Related violations: <none>

TIMING-17#418 Warning
Non-clocked sequential cell  
The clock pin program/program/dout_reg_0_cooolgate_en_gate_2_cooolDelFlop/C is not reached by a timing clock
Related violations: <none>

TIMING-17#419 Warning
Non-clocked sequential cell  
The clock pin rxbuff_out_reg[10]/C is not reached by a timing clock
Related violations: <none>

TIMING-17#420 Warning
Non-clocked sequential cell  
The clock pin rxbuff_out_reg[7]/C is not reached by a timing clock
Related violations: <none>

TIMING-17#421 Warning
Non-clocked sequential cell  
The clock pin secded_ram_core/ram_mem_reg_0_15_0_0/SP/CLK is not reached by a timing clock
Related violations: <none>

TIMING-17#422 Warning
Non-clocked sequential cell  
The clock pin secded_ram_core/ram_mem_reg_0_15_10_10/SP/CLK is not reached by a timing clock
Related violations: <none>

TIMING-17#423 Warning
Non-clocked sequential cell  
The clock pin secded_ram_core/ram_mem_reg_0_15_11_11/SP/CLK is not reached by a timing clock
Related violations: <none>

TIMING-17#424 Warning
Non-clocked sequential cell  
The clock pin secded_ram_core/ram_mem_reg_0_15_12_12/SP/CLK is not reached by a timing clock
Related violations: <none>

TIMING-17#425 Warning
Non-clocked sequential cell  
The clock pin secded_ram_core/ram_mem_reg_0_15_13_13/SP/CLK is not reached by a timing clock
Related violations: <none>

TIMING-17#426 Warning
Non-clocked sequential cell  
The clock pin secded_ram_core/ram_mem_reg_0_15_14_14/SP/CLK is not reached by a timing clock
Related violations: <none>

TIMING-17#427 Warning
Non-clocked sequential cell  
The clock pin secded_ram_core/ram_mem_reg_0_15_15_15/SP/CLK is not reached by a timing clock
Related violations: <none>

TIMING-17#428 Warning
Non-clocked sequential cell  
The clock pin secded_ram_core/ram_mem_reg_0_15_16_16/SP/CLK is not reached by a timing clock
Related violations: <none>

TIMING-17#429 Warning
Non-clocked sequential cell  
The clock pin secded_ram_core/ram_mem_reg_0_15_17_17/SP/CLK is not reached by a timing clock
Related violations: <none>

TIMING-17#430 Warning
Non-clocked sequential cell  
The clock pin secded_ram_core/ram_mem_reg_0_15_18_18/SP/CLK is not reached by a timing clock
Related violations: <none>

TIMING-17#431 Warning
Non-clocked sequential cell  
The clock pin secded_ram_core/ram_mem_reg_0_15_19_19/SP/CLK is not reached by a timing clock
Related violations: <none>

TIMING-17#432 Warning
Non-clocked sequential cell  
The clock pin secded_ram_core/ram_mem_reg_0_15_1_1/SP/CLK is not reached by a timing clock
Related violations: <none>

TIMING-17#433 Warning
Non-clocked sequential cell  
The clock pin secded_ram_core/ram_mem_reg_0_15_20_20/SP/CLK is not reached by a timing clock
Related violations: <none>

TIMING-17#434 Warning
Non-clocked sequential cell  
The clock pin secded_ram_core/ram_mem_reg_0_15_21_21/SP/CLK is not reached by a timing clock
Related violations: <none>

TIMING-17#435 Warning
Non-clocked sequential cell  
The clock pin secded_ram_core/ram_mem_reg_0_15_22_22/SP/CLK is not reached by a timing clock
Related violations: <none>

TIMING-17#436 Warning
Non-clocked sequential cell  
The clock pin secded_ram_core/ram_mem_reg_0_15_23_23/SP/CLK is not reached by a timing clock
Related violations: <none>

TIMING-17#437 Warning
Non-clocked sequential cell  
The clock pin secded_ram_core/ram_mem_reg_0_15_24_24/SP/CLK is not reached by a timing clock
Related violations: <none>

TIMING-17#438 Warning
Non-clocked sequential cell  
The clock pin secded_ram_core/ram_mem_reg_0_15_25_25/SP/CLK is not reached by a timing clock
Related violations: <none>

TIMING-17#439 Warning
Non-clocked sequential cell  
The clock pin secded_ram_core/ram_mem_reg_0_15_26_26/SP/CLK is not reached by a timing clock
Related violations: <none>

TIMING-17#440 Warning
Non-clocked sequential cell  
The clock pin secded_ram_core/ram_mem_reg_0_15_27_27/SP/CLK is not reached by a timing clock
Related violations: <none>

TIMING-17#441 Warning
Non-clocked sequential cell  
The clock pin secded_ram_core/ram_mem_reg_0_15_28_28/SP/CLK is not reached by a timing clock
Related violations: <none>

TIMING-17#442 Warning
Non-clocked sequential cell  
The clock pin secded_ram_core/ram_mem_reg_0_15_29_29/SP/CLK is not reached by a timing clock
Related violations: <none>

TIMING-17#443 Warning
Non-clocked sequential cell  
The clock pin secded_ram_core/ram_mem_reg_0_15_2_2/SP/CLK is not reached by a timing clock
Related violations: <none>

TIMING-17#444 Warning
Non-clocked sequential cell  
The clock pin secded_ram_core/ram_mem_reg_0_15_30_30/SP/CLK is not reached by a timing clock
Related violations: <none>

TIMING-17#445 Warning
Non-clocked sequential cell  
The clock pin secded_ram_core/ram_mem_reg_0_15_31_31/SP/CLK is not reached by a timing clock
Related violations: <none>

TIMING-17#446 Warning
Non-clocked sequential cell  
The clock pin secded_ram_core/ram_mem_reg_0_15_32_32/SP/CLK is not reached by a timing clock
Related violations: <none>

TIMING-17#447 Warning
Non-clocked sequential cell  
The clock pin secded_ram_core/ram_mem_reg_0_15_33_33/SP/CLK is not reached by a timing clock
Related violations: <none>

TIMING-17#448 Warning
Non-clocked sequential cell  
The clock pin secded_ram_core/ram_mem_reg_0_15_34_34/SP/CLK is not reached by a timing clock
Related violations: <none>

TIMING-17#449 Warning
Non-clocked sequential cell  
The clock pin secded_ram_core/ram_mem_reg_0_15_35_35/SP/CLK is not reached by a timing clock
Related violations: <none>

TIMING-17#450 Warning
Non-clocked sequential cell  
The clock pin secded_ram_core/ram_mem_reg_0_15_36_36/SP/CLK is not reached by a timing clock
Related violations: <none>

TIMING-17#451 Warning
Non-clocked sequential cell  
The clock pin secded_ram_core/ram_mem_reg_0_15_37_37/SP/CLK is not reached by a timing clock
Related violations: <none>

TIMING-17#452 Warning
Non-clocked sequential cell  
The clock pin secded_ram_core/ram_mem_reg_0_15_38_38/SP/CLK is not reached by a timing clock
Related violations: <none>

TIMING-17#453 Warning
Non-clocked sequential cell  
The clock pin secded_ram_core/ram_mem_reg_0_15_3_3/SP/CLK is not reached by a timing clock
Related violations: <none>

TIMING-17#454 Warning
Non-clocked sequential cell  
The clock pin secded_ram_core/ram_mem_reg_0_15_4_4/SP/CLK is not reached by a timing clock
Related violations: <none>

TIMING-17#455 Warning
Non-clocked sequential cell  
The clock pin secded_ram_core/ram_mem_reg_0_15_5_5/SP/CLK is not reached by a timing clock
Related violations: <none>

TIMING-17#456 Warning
Non-clocked sequential cell  
The clock pin secded_ram_core/ram_mem_reg_0_15_6_6/SP/CLK is not reached by a timing clock
Related violations: <none>

TIMING-17#457 Warning
Non-clocked sequential cell  
The clock pin secded_ram_core/ram_mem_reg_0_15_7_7/SP/CLK is not reached by a timing clock
Related violations: <none>

TIMING-17#458 Warning
Non-clocked sequential cell  
The clock pin secded_ram_core/ram_mem_reg_0_15_8_8/SP/CLK is not reached by a timing clock
Related violations: <none>

TIMING-17#459 Warning
Non-clocked sequential cell  
The clock pin secded_ram_core/ram_mem_reg_0_15_9_9/SP/CLK is not reached by a timing clock
Related violations: <none>

TIMING-17#460 Warning
Non-clocked sequential cell  
The clock pin secded_ram_core/rd_mem_code_reg[0]/C is not reached by a timing clock
Related violations: <none>

TIMING-17#461 Warning
Non-clocked sequential cell  
The clock pin secded_ram_core/rd_mem_code_reg[10]/C is not reached by a timing clock
Related violations: <none>

TIMING-17#462 Warning
Non-clocked sequential cell  
The clock pin secded_ram_core/rd_mem_code_reg[11]/C is not reached by a timing clock
Related violations: <none>

TIMING-17#463 Warning
Non-clocked sequential cell  
The clock pin secded_ram_core/rd_mem_code_reg[12]/C is not reached by a timing clock
Related violations: <none>

TIMING-17#464 Warning
Non-clocked sequential cell  
The clock pin secded_ram_core/rd_mem_code_reg[13]/C is not reached by a timing clock
Related violations: <none>

TIMING-17#465 Warning
Non-clocked sequential cell  
The clock pin secded_ram_core/rd_mem_code_reg[14]/C is not reached by a timing clock
Related violations: <none>

TIMING-17#466 Warning
Non-clocked sequential cell  
The clock pin secded_ram_core/rd_mem_code_reg[15]/C is not reached by a timing clock
Related violations: <none>

TIMING-17#467 Warning
Non-clocked sequential cell  
The clock pin secded_ram_core/rd_mem_code_reg[16]/C is not reached by a timing clock
Related violations: <none>

TIMING-17#468 Warning
Non-clocked sequential cell  
The clock pin secded_ram_core/rd_mem_code_reg[17]/C is not reached by a timing clock
Related violations: <none>

TIMING-17#469 Warning
Non-clocked sequential cell  
The clock pin secded_ram_core/rd_mem_code_reg[18]/C is not reached by a timing clock
Related violations: <none>

TIMING-17#470 Warning
Non-clocked sequential cell  
The clock pin secded_ram_core/rd_mem_code_reg[19]/C is not reached by a timing clock
Related violations: <none>

TIMING-17#471 Warning
Non-clocked sequential cell  
The clock pin secded_ram_core/rd_mem_code_reg[1]/C is not reached by a timing clock
Related violations: <none>

TIMING-17#472 Warning
Non-clocked sequential cell  
The clock pin secded_ram_core/rd_mem_code_reg[20]/C is not reached by a timing clock
Related violations: <none>

TIMING-17#473 Warning
Non-clocked sequential cell  
The clock pin secded_ram_core/rd_mem_code_reg[21]/C is not reached by a timing clock
Related violations: <none>

TIMING-17#474 Warning
Non-clocked sequential cell  
The clock pin secded_ram_core/rd_mem_code_reg[22]/C is not reached by a timing clock
Related violations: <none>

TIMING-17#475 Warning
Non-clocked sequential cell  
The clock pin secded_ram_core/rd_mem_code_reg[23]/C is not reached by a timing clock
Related violations: <none>

TIMING-17#476 Warning
Non-clocked sequential cell  
The clock pin secded_ram_core/rd_mem_code_reg[24]/C is not reached by a timing clock
Related violations: <none>

TIMING-17#477 Warning
Non-clocked sequential cell  
The clock pin secded_ram_core/rd_mem_code_reg[25]/C is not reached by a timing clock
Related violations: <none>

TIMING-17#478 Warning
Non-clocked sequential cell  
The clock pin secded_ram_core/rd_mem_code_reg[26]/C is not reached by a timing clock
Related violations: <none>

TIMING-17#479 Warning
Non-clocked sequential cell  
The clock pin secded_ram_core/rd_mem_code_reg[27]/C is not reached by a timing clock
Related violations: <none>

TIMING-17#480 Warning
Non-clocked sequential cell  
The clock pin secded_ram_core/rd_mem_code_reg[28]/C is not reached by a timing clock
Related violations: <none>

TIMING-17#481 Warning
Non-clocked sequential cell  
The clock pin secded_ram_core/rd_mem_code_reg[29]/C is not reached by a timing clock
Related violations: <none>

TIMING-17#482 Warning
Non-clocked sequential cell  
The clock pin secded_ram_core/rd_mem_code_reg[2]/C is not reached by a timing clock
Related violations: <none>

TIMING-17#483 Warning
Non-clocked sequential cell  
The clock pin secded_ram_core/rd_mem_code_reg[30]/C is not reached by a timing clock
Related violations: <none>

TIMING-17#484 Warning
Non-clocked sequential cell  
The clock pin secded_ram_core/rd_mem_code_reg[31]/C is not reached by a timing clock
Related violations: <none>

TIMING-17#485 Warning
Non-clocked sequential cell  
The clock pin secded_ram_core/rd_mem_code_reg[32]/C is not reached by a timing clock
Related violations: <none>

TIMING-17#486 Warning
Non-clocked sequential cell  
The clock pin secded_ram_core/rd_mem_code_reg[33]/C is not reached by a timing clock
Related violations: <none>

TIMING-17#487 Warning
Non-clocked sequential cell  
The clock pin secded_ram_core/rd_mem_code_reg[34]/C is not reached by a timing clock
Related violations: <none>

TIMING-17#488 Warning
Non-clocked sequential cell  
The clock pin secded_ram_core/rd_mem_code_reg[35]/C is not reached by a timing clock
Related violations: <none>

TIMING-17#489 Warning
Non-clocked sequential cell  
The clock pin secded_ram_core/rd_mem_code_reg[36]/C is not reached by a timing clock
Related violations: <none>

TIMING-17#490 Warning
Non-clocked sequential cell  
The clock pin secded_ram_core/rd_mem_code_reg[37]/C is not reached by a timing clock
Related violations: <none>

TIMING-17#491 Warning
Non-clocked sequential cell  
The clock pin secded_ram_core/rd_mem_code_reg[38]/C is not reached by a timing clock
Related violations: <none>

TIMING-17#492 Warning
Non-clocked sequential cell  
The clock pin secded_ram_core/rd_mem_code_reg[3]/C is not reached by a timing clock
Related violations: <none>

TIMING-17#493 Warning
Non-clocked sequential cell  
The clock pin secded_ram_core/rd_mem_code_reg[4]/C is not reached by a timing clock
Related violations: <none>

TIMING-17#494 Warning
Non-clocked sequential cell  
The clock pin secded_ram_core/rd_mem_code_reg[5]/C is not reached by a timing clock
Related violations: <none>

TIMING-17#495 Warning
Non-clocked sequential cell  
The clock pin secded_ram_core/rd_mem_code_reg[6]/C is not reached by a timing clock
Related violations: <none>

TIMING-17#496 Warning
Non-clocked sequential cell  
The clock pin secded_ram_core/rd_mem_code_reg[7]/C is not reached by a timing clock
Related violations: <none>

TIMING-17#497 Warning
Non-clocked sequential cell  
The clock pin secded_ram_core/rd_mem_code_reg[8]/C is not reached by a timing clock
Related violations: <none>

TIMING-17#498 Warning
Non-clocked sequential cell  
The clock pin secded_ram_core/rd_mem_code_reg[9]/C is not reached by a timing clock
Related violations: <none>

TIMING-17#499 Warning
Non-clocked sequential cell  
The clock pin tx_reg/C is not reached by a timing clock
Related violations: <none>


